0 info it worked if it ends with ok
1 verbose cli [ 'C:\\Program Files\\nodejs\\node.exe',
1 verbose cli   'C:\\Program Files\\nodejs\\node_modules\\npm\\bin\\npm-cli.js',
1 verbose cli   'start' ]
2 info using npm@3.10.8
3 info using node@v7.0.0
4 verbose run-script [ 'prestart', 'start', 'poststart' ]
5 info lifecycle user-study@0.0.1~prestart: user-study@0.0.1
6 verbose lifecycle user-study@0.0.1~prestart: unsafe-perm in lifecycle true
7 verbose lifecycle user-study@0.0.1~prestart: PATH: C:\Program Files\nodejs\node_modules\npm\bin\node-gyp-bin;C:\Users\Mathis\WebstormProjects\us-frontend\us-frontend\node_modules\.bin;C:\ProgramData\Oracle\Java\javapath;C:\windows\system32;C:\windows;C:\windows\System32\Wbem;C:\windows\System32\WindowsPowerShell\v1.0\;C:\Program Files (x86)\Skype\Phone\;C:\Program Files (x86)\MiKTeX 2.9\miktex\bin\;C:\WINDOWS\system32;C:\WINDOWS;C:\WINDOWS\System32\Wbem;C:\WINDOWS\System32\WindowsPowerShell\v1.0\;C:\Program Files (x86)\Windows Live\Shared;C:\Program Files\nodejs\;C:\Users\Mathis\AppData\Local\Programs\Git\cmd;C:\Program Files (x86)\Heroku\bin;C:\Program Files (x86)\git\cmd;C:\Program Files (x86)\Git\cmd;C:\Ruby23\bin;C:\Program Files (x86)\Google\Chrome\Application;C:\ProgramData\Oracle\Java\javapath;C:\windows\system32;C:\windows;C:\windows\System32\Wbem;C:\windows\System32\WindowsPowerShell\v1.0\;C:\Program Files (x86)\Skype\Phone\;C:\Users\Mathis\AppData\Local\atom\bin;C:\Users\Mathis\AppData\Local\Microsoft\WindowsApps;C:\Users\Mathis\AppData\Roaming\npm
8 verbose lifecycle user-study@0.0.1~prestart: CWD: C:\Users\Mathis\WebstormProjects\us-frontend\us-frontend
9 silly lifecycle user-study@0.0.1~prestart: Args: [ '/d /s /c', 'npm install' ]
10 silly lifecycle user-study@0.0.1~prestart: Returned: code: 0  signal: null
11 info lifecycle user-study@0.0.1~start: user-study@0.0.1
12 verbose lifecycle user-study@0.0.1~start: unsafe-perm in lifecycle true
13 verbose lifecycle user-study@0.0.1~start: PATH: C:\Program Files\nodejs\node_modules\npm\bin\node-gyp-bin;C:\Users\Mathis\WebstormProjects\us-frontend\us-frontend\node_modules\.bin;C:\ProgramData\Oracle\Java\javapath;C:\windows\system32;C:\windows;C:\windows\System32\Wbem;C:\windows\System32\WindowsPowerShell\v1.0\;C:\Program Files (x86)\Skype\Phone\;C:\Program Files (x86)\MiKTeX 2.9\miktex\bin\;C:\WINDOWS\system32;C:\WINDOWS;C:\WINDOWS\System32\Wbem;C:\WINDOWS\System32\WindowsPowerShell\v1.0\;C:\Program Files (x86)\Windows Live\Shared;C:\Program Files\nodejs\;C:\Users\Mathis\AppData\Local\Programs\Git\cmd;C:\Program Files (x86)\Heroku\bin;C:\Program Files (x86)\git\cmd;C:\Program Files (x86)\Git\cmd;C:\Ruby23\bin;C:\Program Files (x86)\Google\Chrome\Application;C:\ProgramData\Oracle\Java\javapath;C:\windows\system32;C:\windows;C:\windows\System32\Wbem;C:\windows\System32\WindowsPowerShell\v1.0\;C:\Program Files (x86)\Skype\Phone\;C:\Users\Mathis\AppData\Local\atom\bin;C:\Users\Mathis\AppData\Local\Microsoft\WindowsApps;C:\Users\Mathis\AppData\Roaming\npm
14 verbose lifecycle user-study@0.0.1~start: CWD: C:\Users\Mathis\WebstormProjects\us-frontend\us-frontend
15 silly lifecycle user-study@0.0.1~start: Args: [ '/d /s /c', 'http-server -a localhost -p 8000 -c-1 ./app' ]
16 silly lifecycle user-study@0.0.1~start: Returned: code: 3221225786  signal: null
17 info lifecycle user-study@0.0.1~start: Failed to exec start script
18 verbose stack Error: user-study@0.0.1 start: `http-server -a localhost -p 8000 -c-1 ./app`
18 verbose stack Exit status 3221225786
18 verbose stack     at EventEmitter.<anonymous> (C:\Program Files\nodejs\node_modules\npm\lib\utils\lifecycle.js:255:16)
18 verbose stack     at emitTwo (events.js:106:13)
18 verbose stack     at EventEmitter.emit (events.js:191:7)
18 verbose stack     at ChildProcess.<anonymous> (C:\Program Files\nodejs\node_modules\npm\lib\utils\spawn.js:40:14)
18 verbose stack     at emitTwo (events.js:106:13)
18 verbose stack     at ChildProcess.emit (events.js:191:7)
18 verbose stack     at maybeClose (internal/child_process.js:877:16)
18 verbose stack     at Process.ChildProcess._handle.onexit (internal/child_process.js:226:5)
19 verbose pkgid user-study@0.0.1
20 verbose cwd C:\Users\Mathis\WebstormProjects\us-frontend\us-frontend
21 error Windows_NT 10.0.14393
22 error argv "C:\\Program Files\\nodejs\\node.exe" "C:\\Program Files\\nodejs\\node_modules\\npm\\bin\\npm-cli.js" "start"
23 error node v7.0.0
24 error npm  v3.10.8
25 error code ELIFECYCLE
26 error user-study@0.0.1 start: `http-server -a localhost -p 8000 -c-1 ./app`
26 error Exit status 3221225786
27 error Failed at the user-study@0.0.1 start script 'http-server -a localhost -p 8000 -c-1 ./app'.
27 error Make sure you have the latest version of node.js and npm installed.
27 error If you do, this is most likely a problem with the user-study package,
27 error not with npm itself.
27 error Tell the author that this fails on your system:
27 error     http-server -a localhost -p 8000 -c-1 ./app
27 error You can get information on how to open an issue for this project with:
27 error     npm bugs user-study
27 error Or if that isn't available, you can get their info via:
27 error     npm owner ls user-study
27 error There is likely additional logging output above.
28 verbose exit [ 1, true ]
